<?xml version="1.0" encoding="UTF-8"?>
<!-- Generated by org.testng.reporters.JUnitReportReporter -->
<testsuite hostname="ThinkAILabs" failures="0" tests="6" name="Asset.Testcases" time="82.589" errors="0" timestamp="2024-08-02T16:33:27 IST" skipped="0">
  <testcase classname="Asset.Testcases" name="verifyHRLogin" time="5.562"/>
  <system-out/>
  <testcase classname="Asset.Testcases" name="verifyManagerLogin" time="5.356"/>
  <system-out/>
  <testcase classname="Asset.Testcases" name="CreateAssetAndVerify" time="17.866"/>
  <system-out/>
  <testcase classname="Asset.Testcases" name="modifyCreatedAsset" time="19.672"/>
  <system-out/>
  <testcase classname="Asset.Testcases" name="ManagerApproveTheAssetAndVerify" time="15.863"/>
  <system-out/>
  <testcase classname="Asset.Testcases" name="HRDeliversApprovedAssetAndVerify" time="18.270"/>
  <system-out/>
</testsuite> <!-- Asset.Testcases -->
