<?xml version="1.0" encoding="UTF-8"?>
<!-- Generated by org.testng.reporters.JUnitReportReporter -->
<testsuite hostname="ThinkAILabs" failures="0" tests="1" name="Nagative_scenarios.Negative_testcases" time="1.450" errors="0" timestamp="2024-08-02T16:22:40 IST" skipped="0">
  <testcase classname="Nagative_scenarios.Negative_testcases" name="HrLoginWithWrongCredentials" time="1.450"/>
  <system-out/>
</testsuite> <!-- Nagative_scenarios.Negative_testcases -->
