<?xml version="1.0" encoding="UTF-8"?>
<!-- Generated by org.testng.reporters.JUnitReportReporter -->
<testsuite hostname="ThinkAILabs" failures="0" tests="5" name="Nagative_scenarios.UserLoginTest" time="16.738" errors="0" timestamp="2024-08-05T18:48:58 IST" skipped="0">
  <testcase classname="Nagative_scenarios.UserLoginTest" name="testInvalidEmailFormat" time="3.143"/>
  <system-out/>
  <testcase classname="Nagative_scenarios.UserLoginTest" name="testInvalidPassword" time="3.713"/>
  <system-out/>
  <testcase classname="Nagative_scenarios.UserLoginTest" name="testEmptyEmailField" time="3.201"/>
  <system-out/>
  <testcase classname="Nagative_scenarios.UserLoginTest" name="testEmptyPasswordField" time="3.390"/>
  <system-out/>
  <testcase classname="Nagative_scenarios.UserLoginTest" name="testBothFieldsEmpty" time="3.291"/>
  <system-out/>
</testsuite> <!-- Nagative_scenarios.UserLoginTest -->
